[debug] [2023-05-04T05:16:36.050Z] ----------------------------------------------------------------------
[debug] [2023-05-04T05:16:36.052Z] Command:       C:\Program Files\nodejs\node.exe C:\Users\hacker\AppData\Roaming\npm\node_modules\firebase-tools\lib\bin\firebase.js deploy
[debug] [2023-05-04T05:16:36.052Z] CLI Version:   10.4.2
[debug] [2023-05-04T05:16:36.052Z] Platform:      win32
[debug] [2023-05-04T05:16:36.053Z] Node Version:  v17.7.1
[debug] [2023-05-04T05:16:36.063Z] Time:          Thu May 04 2023 11:16:36 GMT+0600 (Bangladesh Standard Time)
[debug] [2023-05-04T05:16:36.063Z] ----------------------------------------------------------------------
[debug] 
[debug] [2023-05-04T05:16:36.067Z] >>> [apiv2][query] GET https://firebase-public.firebaseio.com/cli.json [none]
[debug] [2023-05-04T05:16:36.569Z] > command requires scopes: ["email","openid","https://www.googleapis.com/auth/cloudplatformprojects.readonly","https://www.googleapis.com/auth/firebase","https://www.googleapis.com/auth/cloud-platform"]
[debug] [2023-05-04T05:16:36.570Z] > authorizing via signed-in user (reingsroman042@gmail.com)
[debug] [2023-05-04T05:16:36.570Z] [iam] checking project agency-656a8 for permissions ["firebase.projects.get","firebasehosting.sites.update"]
[debug] [2023-05-04T05:16:36.571Z] > refreshing access token with scopes: []
[debug] [2023-05-04T05:16:36.572Z] >>> HTTP REQUEST POST https://www.googleapis.com/oauth2/v3/token  
 <request body omitted>
[debug] [2023-05-04T05:16:36.963Z] <<< HTTP RESPONSE 400 {"cache-control":"no-cache, no-store, max-age=0, must-revalidate","expires":"Mon, 01 Jan 1990 00:00:00 GMT","pragma":"no-cache","date":"Thu, 04 May 2023 05:08:45 GMT","content-type":"application/json; charset=utf-8","vary":"X-Origin, Referer, Origin,Accept-Encoding","server":"scaffolding on HTTPServer2","x-xss-protection":"0","x-frame-options":"SAMEORIGIN","x-content-type-options":"nosniff","alt-svc":"h3=\":443\"; ma=2592000,h3-29=\":443\"; ma=2592000","accept-ranges":"none","transfer-encoding":"chunked"}
[debug] [2023-05-04T05:16:36.967Z] >>> [apiv2][query] POST https://cloudresourcemanager.googleapis.com/v1/projects/agency-656a8:testIamPermissions [none]
[debug] [2023-05-04T05:16:36.968Z] >>> [apiv2][body] POST https://cloudresourcemanager.googleapis.com/v1/projects/agency-656a8:testIamPermissions {"permissions":["firebase.projects.get","firebasehosting.sites.update"]}
[debug] [2023-05-04T05:16:37.320Z] <<< [apiv2][status] GET https://firebase-public.firebaseio.com/cli.json 200
[debug] [2023-05-04T05:16:37.320Z] <<< [apiv2][body] GET https://firebase-public.firebaseio.com/cli.json {"cloudBuildErrorAfter":1594252800000,"cloudBuildWarnAfter":1590019200000,"defaultNode10After":1594252800000,"minVersion":"3.0.5","node8DeploysDisabledAfter":1613390400000,"node8RuntimeDisabledAfter":1615809600000,"node8WarnAfter":1600128000000}
[debug] [2023-05-04T05:16:38.757Z] <<< [apiv2][status] POST https://cloudresourcemanager.googleapis.com/v1/projects/agency-656a8:testIamPermissions 401
[debug] [2023-05-04T05:16:38.757Z] <<< [apiv2][body] POST https://cloudresourcemanager.googleapis.com/v1/projects/agency-656a8:testIamPermissions {"error":{"code":401,"message":"Request had invalid authentication credentials. Expected OAuth 2 access token, login cookie or other valid authentication credential. See https://developers.google.com/identity/sign-in/web/devconsole-project.","status":"UNAUTHENTICATED","details":[{"@type":"type.googleapis.com/google.rpc.ErrorInfo","reason":"ACCESS_TOKEN_TYPE_UNSUPPORTED","metadata":{"service":"cloudresourcemanager.googleapis.com","method":"google.cloudresourcemanager.v1.Projects.TestIamPermissions"}}]}}
[debug] [2023-05-04T05:16:38.758Z] [iam] error while checking permissions, command may fail: FirebaseError: HTTP Error: 401, Request had invalid authentication credentials. Expected OAuth 2 access token, login cookie or other valid authentication credential. See https://developers.google.com/identity/sign-in/web/devconsole-project.
[debug] [2023-05-04T05:16:38.758Z] > refreshing access token with scopes: []
[debug] [2023-05-04T05:16:38.759Z] >>> HTTP REQUEST POST https://www.googleapis.com/oauth2/v3/token  
 <request body omitted>
[debug] [2023-05-04T05:16:39.101Z] <<< HTTP RESPONSE 400 {"cache-control":"no-cache, no-store, max-age=0, must-revalidate","pragma":"no-cache","expires":"Mon, 01 Jan 1990 00:00:00 GMT","date":"Thu, 04 May 2023 05:08:47 GMT","content-type":"application/json; charset=utf-8","vary":"X-Origin, Referer, Origin,Accept-Encoding","server":"scaffolding on HTTPServer2","x-xss-protection":"0","x-frame-options":"SAMEORIGIN","x-content-type-options":"nosniff","alt-svc":"h3=\":443\"; ma=2592000,h3-29=\":443\"; ma=2592000","accept-ranges":"none","transfer-encoding":"chunked"}
[debug] [2023-05-04T05:16:39.104Z] >>> [apiv2][query] GET https://firebase.googleapis.com/v1beta1/projects/agency-656a8 [none]
[debug] [2023-05-04T05:16:39.606Z] <<< [apiv2][status] GET https://firebase.googleapis.com/v1beta1/projects/agency-656a8 401
[debug] [2023-05-04T05:16:39.606Z] <<< [apiv2][body] GET https://firebase.googleapis.com/v1beta1/projects/agency-656a8 {"error":{"code":401,"message":"Request had invalid authentication credentials. Expected OAuth 2 access token, login cookie or other valid authentication credential. See https://developers.google.com/identity/sign-in/web/devconsole-project.","status":"UNAUTHENTICATED"}}
[debug] [2023-05-04T05:16:39.606Z] HTTP Error: 401, Request had invalid authentication credentials. Expected OAuth 2 access token, login cookie or other valid authentication credential. See https://developers.google.com/identity/sign-in/web/devconsole-project.
[debug] [2023-05-04T05:16:39.903Z] FirebaseError: HTTP Error: 401, Request had invalid authentication credentials. Expected OAuth 2 access token, login cookie or other valid authentication credential. See https://developers.google.com/identity/sign-in/web/devconsole-project.
    at module.exports (C:\Users\hacker\AppData\Roaming\npm\node_modules\firebase-tools\lib\responseToError.js:47:12)
    at RetryOperation._fn (C:\Users\hacker\AppData\Roaming\npm\node_modules\firebase-tools\lib\apiv2.js:286:39)
    at processTicksAndRejections (node:internal/process/task_queues:96:5)
[error] 
[error] Error: Failed to get Firebase project agency-656a8. Please make sure the project exists and your account has permission to access it.
[debug] [2023-05-04T05:17:02.619Z] ----------------------------------------------------------------------
[debug] [2023-05-04T05:17:02.621Z] Command:       C:\Program Files\nodejs\node.exe C:\Users\hacker\AppData\Roaming\npm\node_modules\firebase-tools\lib\bin\firebase.js deploy --force
[debug] [2023-05-04T05:17:02.621Z] CLI Version:   10.4.2
[debug] [2023-05-04T05:17:02.621Z] Platform:      win32
[debug] [2023-05-04T05:17:02.622Z] Node Version:  v17.7.1
[debug] [2023-05-04T05:17:02.623Z] Time:          Thu May 04 2023 11:17:02 GMT+0600 (Bangladesh Standard Time)
[debug] [2023-05-04T05:17:02.623Z] ----------------------------------------------------------------------
[debug] 
[debug] [2023-05-04T05:17:02.690Z] > command requires scopes: ["email","openid","https://www.googleapis.com/auth/cloudplatformprojects.readonly","https://www.googleapis.com/auth/firebase","https://www.googleapis.com/auth/cloud-platform"]
[debug] [2023-05-04T05:17:02.690Z] > authorizing via signed-in user (reingsroman042@gmail.com)
[debug] [2023-05-04T05:17:02.690Z] [iam] checking project agency-656a8 for permissions ["firebase.projects.get","firebasehosting.sites.update"]
[debug] [2023-05-04T05:17:02.692Z] > refreshing access token with scopes: []
[debug] [2023-05-04T05:17:02.692Z] >>> HTTP REQUEST POST https://www.googleapis.com/oauth2/v3/token  
 <request body omitted>
[debug] [2023-05-04T05:17:03.130Z] <<< HTTP RESPONSE 400 {"expires":"Mon, 01 Jan 1990 00:00:00 GMT","cache-control":"no-cache, no-store, max-age=0, must-revalidate","date":"Thu, 04 May 2023 05:09:11 GMT","pragma":"no-cache","content-type":"application/json; charset=utf-8","vary":"X-Origin, Referer, Origin,Accept-Encoding","server":"scaffolding on HTTPServer2","x-xss-protection":"0","x-frame-options":"SAMEORIGIN","x-content-type-options":"nosniff","alt-svc":"h3=\":443\"; ma=2592000,h3-29=\":443\"; ma=2592000","accept-ranges":"none","transfer-encoding":"chunked"}
[debug] [2023-05-04T05:17:03.132Z] >>> [apiv2][query] POST https://cloudresourcemanager.googleapis.com/v1/projects/agency-656a8:testIamPermissions [none]
[debug] [2023-05-04T05:17:03.132Z] >>> [apiv2][body] POST https://cloudresourcemanager.googleapis.com/v1/projects/agency-656a8:testIamPermissions {"permissions":["firebase.projects.get","firebasehosting.sites.update"]}
[debug] [2023-05-04T05:17:04.806Z] <<< [apiv2][status] POST https://cloudresourcemanager.googleapis.com/v1/projects/agency-656a8:testIamPermissions 401
[debug] [2023-05-04T05:17:04.806Z] <<< [apiv2][body] POST https://cloudresourcemanager.googleapis.com/v1/projects/agency-656a8:testIamPermissions {"error":{"code":401,"message":"Request had invalid authentication credentials. Expected OAuth 2 access token, login cookie or other valid authentication credential. See https://developers.google.com/identity/sign-in/web/devconsole-project.","status":"UNAUTHENTICATED","details":[{"@type":"type.googleapis.com/google.rpc.ErrorInfo","reason":"ACCESS_TOKEN_TYPE_UNSUPPORTED","metadata":{"service":"cloudresourcemanager.googleapis.com","method":"google.cloudresourcemanager.v1.Projects.TestIamPermissions"}}]}}
[debug] [2023-05-04T05:17:04.807Z] [iam] error while checking permissions, command may fail: FirebaseError: HTTP Error: 401, Request had invalid authentication credentials. Expected OAuth 2 access token, login cookie or other valid authentication credential. See https://developers.google.com/identity/sign-in/web/devconsole-project.
[debug] [2023-05-04T05:17:04.808Z] > refreshing access token with scopes: []
[debug] [2023-05-04T05:17:04.808Z] >>> HTTP REQUEST POST https://www.googleapis.com/oauth2/v3/token  
 <request body omitted>
[debug] [2023-05-04T05:17:05.140Z] <<< HTTP RESPONSE 400 {"expires":"Mon, 01 Jan 1990 00:00:00 GMT","date":"Thu, 04 May 2023 05:09:13 GMT","pragma":"no-cache","cache-control":"no-cache, no-store, max-age=0, must-revalidate","content-type":"application/json; charset=utf-8","vary":"X-Origin, Referer, Origin,Accept-Encoding","server":"scaffolding on HTTPServer2","x-xss-protection":"0","x-frame-options":"SAMEORIGIN","x-content-type-options":"nosniff","alt-svc":"h3=\":443\"; ma=2592000,h3-29=\":443\"; ma=2592000","accept-ranges":"none","transfer-encoding":"chunked"}
[debug] [2023-05-04T05:17:05.143Z] >>> [apiv2][query] GET https://firebase.googleapis.com/v1beta1/projects/agency-656a8 [none]
[debug] [2023-05-04T05:17:05.537Z] <<< [apiv2][status] GET https://firebase.googleapis.com/v1beta1/projects/agency-656a8 401
[debug] [2023-05-04T05:17:05.537Z] <<< [apiv2][body] GET https://firebase.googleapis.com/v1beta1/projects/agency-656a8 {"error":{"code":401,"message":"Request had invalid authentication credentials. Expected OAuth 2 access token, login cookie or other valid authentication credential. See https://developers.google.com/identity/sign-in/web/devconsole-project.","status":"UNAUTHENTICATED"}}
[debug] [2023-05-04T05:17:05.538Z] HTTP Error: 401, Request had invalid authentication credentials. Expected OAuth 2 access token, login cookie or other valid authentication credential. See https://developers.google.com/identity/sign-in/web/devconsole-project.
[debug] [2023-05-04T05:17:05.859Z] FirebaseError: HTTP Error: 401, Request had invalid authentication credentials. Expected OAuth 2 access token, login cookie or other valid authentication credential. See https://developers.google.com/identity/sign-in/web/devconsole-project.
    at module.exports (C:\Users\hacker\AppData\Roaming\npm\node_modules\firebase-tools\lib\responseToError.js:47:12)
    at RetryOperation._fn (C:\Users\hacker\AppData\Roaming\npm\node_modules\firebase-tools\lib\apiv2.js:286:39)
    at processTicksAndRejections (node:internal/process/task_queues:96:5)
[error] 
[error] Error: Failed to get Firebase project agency-656a8. Please make sure the project exists and your account has permission to access it.
